
progralp-eiffel: system execution failed.
Following is the set of recorded exceptions:

******************************** Thread exception *****************************
In thread           Root thread            0x0 (thread id)
*******************************************************************************
-------------------------------------------------------------------------------
Class / Object      Routine                Nature of exception           Effect
-------------------------------------------------------------------------------
LINKED_LIST         put @1                 writeable:                   
<000002CD3755B378>  (From CHAIN)           Precondition violated.        Fail
-------------------------------------------------------------------------------
APPLICATION         start @27                                           
<000002CD375595A8>                         Routine failure.              Fail
-------------------------------------------------------------------------------
APPLICATION         make @4                                             
<000002CD375595A8>                         Routine failure.              Fail
-------------------------------------------------------------------------------
APPLICATION         root's creation                                     
<000002CD375595A8>                         Routine failure.              Exit
-------------------------------------------------------------------------------
